<?xml version="1.0" encoding="UTF-8"?>
<coverage generated="1785900405749" clover="3.2.0">
  <project timestamp="1785900405749" name="All files">
    <metrics statements="13" coveredstatements="12" conditionals="13" coveredconditionals="9" methods="2" coveredmethods="1" elements="28" coveredelements="22" complexity="0" loc="13" ncloc="13" packages="1" files="2" classes="2"/>
    <file name="bash.ts" path="/home/yjlee/nri/src/tools/bash.ts">
      <metrics statements="10" coveredstatements="10" conditionals="13" coveredconditionals="9" methods="1" coveredmethods="1"/>
      <line num="2" count="1" type="stmt"/>
      <line num="3" count="1" type="stmt"/>
      <line num="4" count="1" type="stmt"/>
      <line num="5" count="1" type="stmt"/>
      <line num="6" count="1" type="stmt"/>
      <line num="8" count="3" type="cond" truecount="2" falsecount="0"/>
      <line num="9" count="3" type="stmt"/>
      <line num="10" count="3" type="stmt"/>
      <line num="16" count="2" type="stmt"/>
      <line num="23" count="1" type="stmt"/>
    </file>
    <file name="webSearch.ts" path="/home/yjlee/nri/src/tools/webSearch.ts">
      <metrics statements="3" coveredstatements="2" conditionals="0" coveredconditionals="0" methods="1" coveredmethods="0"/>
      <line num="2" count="1" type="stmt"/>
      <line num="3" count="1" type="stmt"/>
      <line num="5" count="0" type="stmt"/>
    </file>
  </project>
</coverage>
