{"/home/yjlee/nri/src/tools/bash.ts": {"path":"/home/yjlee/nri/src/tools/bash.ts","statementMap":{"0":{"start":{"line":2,"column":0},"end":{"line":2,"column":62}},"1":{"start":{"line":3,"column":0},"end":{"line":3,"column":34}},"2":{"start":{"line":4,"column":24},"end":{"line":4,"column":48}},"3":{"start":{"line":5,"column":15},"end":{"line":5,"column":30}},"4":{"start":{"line":6,"column":18},"end":{"line":6,"column":61}},"5":{"start":{"line":8,"column":58},"end":{"line":8,"column":65}},"6":{"start":{"line":9,"column":4},"end":{"line":29,"column":5}},"7":{"start":{"line":10,"column":35},"end":{"line":15,"column":10}},"8":{"start":{"line":16,"column":8},"end":{"line":20,"column":10}},"9":{"start":{"line":23,"column":8},"end":{"line":28,"column":10}}},"fnMap":{"0":{"name":"executeBash","decl":{"start":{"line":7,"column":15},"end":{"line":7,"column":26}},"loc":{"start":{"line":7,"column":50},"end":{"line":30,"column":1}},"line":7}},"branchMap":{"0":{"loc":{"start":{"line":7,"column":36},"end":{"line":7,"column":48}},"type":"default-arg","locations":[{"start":{"line":7,"column":46},"end":{"line":7,"column":48}}],"line":7},"1":{"loc":{"start":{"line":8,"column":12},"end":{"line":8,"column":31}},"type":"default-arg","locations":[{"start":{"line":8,"column":18},"end":{"line":8,"column":31}}],"line":8},"2":{"loc":{"start":{"line":8,"column":33},"end":{"line":8,"column":48}},"type":"default-arg","locations":[{"start":{"line":8,"column":43},"end":{"line":8,"column":48}}],"line":8},"3":{"loc":{"start":{"line":13,"column":17},"end":{"line":13,"column":63}},"type":"cond-expr","locations":[{"start":{"line":13,"column":23},"end":{"line":13,"column":49}},{"start":{"line":13,"column":52},"end":{"line":13,"column":63}}],"line":13},"4":{"loc":{"start":{"line":24,"column":20},"end":{"line":24,"column":70}},"type":"cond-expr","locations":[{"start":{"line":24,"column":35},"end":{"line":24,"column":65}},{"start":{"line":24,"column":68},"end":{"line":24,"column":70}}],"line":24},"5":{"loc":{"start":{"line":25,"column":20},"end":{"line":25,"column":70}},"type":"cond-expr","locations":[{"start":{"line":25,"column":35},"end":{"line":25,"column":65}},{"start":{"line":25,"column":68},"end":{"line":25,"column":70}}],"line":25},"6":{"loc":{"start":{"line":26,"column":22},"end":{"line":26,"column":69}},"type":"cond-expr","locations":[{"start":{"line":26,"column":55},"end":{"line":26,"column":65}},{"start":{"line":26,"column":68},"end":{"line":26,"column":69}}],"line":26},"7":{"loc":{"start":{"line":27,"column":19},"end":{"line":27,"column":49}},"type":"binary-expr","locations":[{"start":{"line":27,"column":19},"end":{"line":27,"column":32}},{"start":{"line":27,"column":36},"end":{"line":27,"column":49}}],"line":27}},"s":{"0":1,"1":1,"2":1,"3":1,"4":1,"5":3,"6":3,"7":3,"8":2,"9":1},"f":{"0":3},"b":{"0":[2],"1":[3],"2":[3],"3":[1,2],"4":[0,1],"5":[1,0],"6":[1,0],"7":[1,0]},"_coverageSchema":"1a1c01bbd47fc00a2c39e90264f33305004495a9","hash":"3f76b5776ab959239ea214e60c6828a8a929eabd"}
,"/home/yjlee/nri/src/tools/webSearch.ts": {"path":"/home/yjlee/nri/src/tools/webSearch.ts","statementMap":{"0":{"start":{"line":2,"column":0},"end":{"line":2,"column":62}},"1":{"start":{"line":3,"column":0},"end":{"line":3,"column":44}},"2":{"start":{"line":5,"column":4},"end":{"line":14,"column":6}}},"fnMap":{"0":{"name":"performWebSearch","decl":{"start":{"line":4,"column":15},"end":{"line":4,"column":31}},"loc":{"start":{"line":4,"column":39},"end":{"line":15,"column":1}},"line":4}},"branchMap":{},"s":{"0":1,"1":1,"2":0},"f":{"0":0},"b":{},"_coverageSchema":"1a1c01bbd47fc00a2c39e90264f33305004495a9","hash":"3d86984595e5bb3208752686247c5bb6d7210c1f"}
}
