TN:
SF:src/tools/bash.ts
FN:7,executeBash
FNF:1
FNH:1
FNDA:3,executeBash
DA:2,1
DA:3,1
DA:4,1
DA:5,1
DA:6,1
DA:8,3
DA:9,3
DA:10,3
DA:16,2
DA:23,1
LF:10
LH:10
BRDA:7,0,0,2
BRDA:8,1,0,3
BRDA:8,2,0,3
BRDA:13,3,0,1
BRDA:13,3,1,2
BRDA:24,4,0,0
BRDA:24,4,1,1
BRDA:25,5,0,1
BRDA:25,5,1,0
BRDA:26,6,0,1
BRDA:26,6,1,0
BRDA:27,7,0,1
BRDA:27,7,1,0
BRF:13
BRH:9
end_of_record
TN:
SF:src/tools/webSearch.ts
FN:4,performWebSearch
FNF:1
FNH:0
FNDA:0,performWebSearch
DA:2,1
DA:3,1
DA:5,0
LF:3
LH:2
BRF:0
BRH:0
end_of_record
